TN:
SF:src/config.ts
FN:9,loadConfig
FN:35,getSigningSecret
FNF:2
FNH:0
FNDA:0,loadConfig
FNDA:0,getSigningSecret
DA:2,0
DA:3,0
DA:4,0
DA:5,0
DA:10,0
DA:11,0
DA:12,0
DA:13,0
DA:16,0
DA:17,0
DA:18,0
DA:20,0
DA:21,0
DA:22,0
DA:24,0
DA:25,0
DA:36,0
DA:37,0
DA:40,0
LF:19
LH:0
BRDA:10,0,0,0
BRDA:10,0,1,0
BRDA:12,1,0,0
BRDA:12,1,1,0
BRDA:17,2,0,0
BRDA:17,2,1,0
BRDA:21,3,0,0
BRDA:21,3,1,0
BRDA:24,4,0,0
BRDA:24,4,1,0
BRF:10
BRH:0
end_of_record
TN:
SF:src/dynamodb.ts
FN:6,(anonymous_0)
FN:7,(anonymous_1)
FN:8,(anonymous_2)
FN:9,(anonymous_3)
FNF:4
FNH:0
FNDA:0,(anonymous_0)
FNDA:0,(anonymous_1)
FNDA:0,(anonymous_2)
FNDA:0,(anonymous_3)
DA:2,0
DA:3,0
DA:5,0
DA:6,0
DA:7,0
DA:8,0
DA:9,0
LF:7
LH:0
BRF:0
BRH:0
end_of_record
TN:
SF:src/event-router.ts
FN:2,(anonymous_0)
FN:6,(anonymous_1)
FN:9,(anonymous_2)
FN:13,(anonymous_3)
FN:15,(anonymous_4)
FN:18,(anonymous_5)
FN:19,(anonymous_6)
FN:20,(anonymous_7)
FN:27,(anonymous_8)
FN:47,getMessageHandlers
FN:49,(anonymous_10)
FN:57,getChannelHandlers
FN:59,(anonymous_12)
FN:66,routeEvent
FNF:14
FNH:6
FNDA:0,(anonymous_0)
FNDA:0,(anonymous_1)
FNDA:0,(anonymous_2)
FNDA:0,(anonymous_3)
FNDA:0,(anonymous_4)
FNDA:1,(anonymous_5)
FNDA:0,(anonymous_6)
FNDA:0,(anonymous_7)
FNDA:0,(anonymous_8)
FNDA:1,getMessageHandlers
FNDA:1,(anonymous_10)
FNDA:5,getChannelHandlers
FNDA:1,(anonymous_12)
FNDA:10,routeEvent
DA:2,1
DA:3,0
DA:4,0
DA:5,0
DA:6,0
DA:8,0
DA:10,0
DA:11,0
DA:13,1
DA:14,0
DA:16,0
DA:18,1
DA:19,1
DA:20,0
DA:21,0
DA:22,0
DA:23,0
DA:25,0
DA:27,1
DA:28,0
DA:29,0
DA:30,0
DA:31,0
DA:32,0
DA:35,1
DA:36,1
DA:37,1
DA:38,1
DA:41,1
DA:42,1
DA:48,1
DA:49,1
DA:51,1
DA:58,5
DA:59,1
DA:61,5
DA:68,10
DA:69,1
DA:72,9
DA:73,0
DA:74,0
DA:78,9
DA:79,9
DA:80,0
DA:81,0
DA:85,9
DA:88,1
DA:89,1
DA:91,1
DA:92,1
DA:93,0
DA:94,0
DA:96,1
DA:100,1
DA:101,0
DA:103,0
DA:105,0
DA:107,0
DA:109,0
DA:111,0
DA:114,0
DA:119,8
DA:120,8
DA:122,1
DA:123,1
DA:124,1
DA:125,0
DA:127,0
DA:130,1
DA:131,1
DA:132,1
DA:133,0
DA:135,0
DA:138,1
DA:139,1
DA:140,1
DA:141,1
DA:142,0
DA:144,0
DA:147,1
DA:148,1
DA:149,1
DA:150,1
DA:151,0
DA:153,0
DA:156,1
DA:157,1
DA:158,1
DA:159,1
DA:160,0
DA:162,0
DA:165,0
DA:166,0
DA:167,0
DA:168,0
DA:169,0
DA:170,0
DA:172,0
DA:175,0
DA:176,0
DA:177,0
DA:178,0
DA:179,0
DA:181,0
DA:184,0
DA:185,0
DA:186,0
DA:187,0
DA:188,0
DA:190,0
DA:193,0
DA:194,0
DA:195,0
DA:196,0
DA:197,0
DA:199,0
DA:202,0
DA:203,0
DA:204,0
DA:205,0
DA:206,0
DA:208,0
DA:211,0
DA:214,0
DA:215,0
DA:220,3
LF:126
LH:50
BRDA:2,0,0,1
BRDA:2,0,1,1
BRDA:2,0,2,1
BRDA:2,1,0,1
BRDA:2,1,1,0
BRDA:3,2,0,0
BRDA:3,2,1,0
BRDA:5,3,0,0
BRDA:5,3,1,0
BRDA:5,4,0,0
BRDA:5,4,1,0
BRDA:5,5,0,0
BRDA:5,5,1,0
BRDA:5,6,0,0
BRDA:5,6,1,0
BRDA:10,7,0,0
BRDA:10,7,1,0
BRDA:13,8,0,1
BRDA:13,8,1,1
BRDA:13,8,2,1
BRDA:13,9,0,1
BRDA:13,9,1,0
BRDA:18,10,0,1
BRDA:18,10,1,1
BRDA:18,10,2,1
BRDA:20,11,0,0
BRDA:20,11,1,0
BRDA:22,12,0,0
BRDA:22,12,1,0
BRDA:28,13,0,0
BRDA:28,13,1,0
BRDA:28,14,0,0
BRDA:28,14,1,0
BRDA:30,15,0,0
BRDA:30,15,1,0
BRDA:30,16,0,0
BRDA:30,16,1,0
BRDA:48,17,0,1
BRDA:48,17,1,0
BRDA:58,18,0,1
BRDA:58,18,1,4
BRDA:68,19,0,1
BRDA:68,19,1,9
BRDA:72,20,0,0
BRDA:72,20,1,9
BRDA:72,21,0,9
BRDA:72,21,1,9
BRDA:78,22,0,9
BRDA:78,22,1,0
BRDA:79,23,0,0
BRDA:79,23,1,9
BRDA:85,24,0,1
BRDA:85,24,1,8
BRDA:85,25,0,9
BRDA:85,25,1,3
BRDA:88,26,0,1
BRDA:88,26,1,0
BRDA:88,27,0,1
BRDA:88,27,1,0
BRDA:88,27,2,1
BRDA:92,28,0,0
BRDA:92,28,1,1
BRDA:92,29,0,1
BRDA:92,29,1,1
BRDA:101,30,0,0
BRDA:101,30,1,0
BRDA:101,31,0,0
BRDA:101,31,1,0
BRDA:101,31,2,0
BRDA:105,32,0,0
BRDA:105,32,1,0
BRDA:105,33,0,0
BRDA:105,33,1,0
BRDA:105,33,2,0
BRDA:109,34,0,0
BRDA:109,34,1,0
BRDA:109,35,0,0
BRDA:109,35,1,0
BRDA:119,36,0,8
BRDA:119,36,1,0
BRDA:120,37,0,1
BRDA:120,37,1,1
BRDA:120,37,2,1
BRDA:120,37,3,1
BRDA:120,37,4,1
BRDA:120,37,5,0
BRDA:120,37,6,0
BRDA:120,37,7,0
BRDA:120,37,8,0
BRDA:120,37,9,0
BRDA:120,37,10,0
BRDA:123,38,0,1
BRDA:123,38,1,0
BRDA:123,39,0,1
BRDA:123,39,1,1
BRDA:123,39,2,1
BRDA:131,40,0,1
BRDA:131,40,1,0
BRDA:131,41,0,1
BRDA:131,41,1,1
BRDA:131,41,2,1
BRDA:139,42,0,1
BRDA:139,42,1,0
BRDA:140,43,0,1
BRDA:140,43,1,0
BRDA:148,44,0,1
BRDA:148,44,1,0
BRDA:149,45,0,1
BRDA:149,45,1,0
BRDA:149,46,0,1
BRDA:149,46,1,1
BRDA:157,47,0,1
BRDA:157,47,1,0
BRDA:158,48,0,1
BRDA:158,48,1,0
BRDA:158,49,0,1
BRDA:158,49,1,1
BRDA:166,50,0,0
BRDA:166,50,1,0
BRDA:167,51,0,0
BRDA:167,51,1,0
BRDA:169,52,0,0
BRDA:169,52,1,0
BRDA:176,53,0,0
BRDA:176,53,1,0
BRDA:177,54,0,0
BRDA:177,54,1,0
BRDA:185,55,0,0
BRDA:185,55,1,0
BRDA:186,56,0,0
BRDA:186,56,1,0
BRDA:194,57,0,0
BRDA:194,57,1,0
BRDA:195,58,0,0
BRDA:195,58,1,0
BRDA:203,59,0,0
BRDA:203,59,1,0
BRDA:204,60,0,0
BRDA:204,60,1,0
BRDA:214,61,0,0
BRDA:214,61,1,0
BRF:141
BRH:55
end_of_record
TN:
SF:src/events.ts
FN:7,parseEvent
FN:80,(anonymous_1)
FNF:2
FNH:0
FNDA:0,parseEvent
FNDA:0,(anonymous_1)
DA:2,0
DA:3,0
DA:9,0
DA:10,0
DA:11,0
DA:19,0
DA:20,0
DA:21,0
DA:24,0
DA:25,0
DA:26,0
DA:27,0
DA:28,0
DA:30,0
DA:31,0
DA:32,0
DA:33,0
DA:46,0
DA:47,0
DA:48,0
DA:49,0
DA:62,0
DA:63,0
DA:64,0
DA:80,0
DA:81,0
DA:92,0
DA:93,0
DA:94,0
DA:95,0
DA:96,0
DA:98,0
DA:100,0
DA:101,0
DA:105,0
DA:118,0
DA:121,0
DA:122,0
DA:126,0
DA:136,0
DA:139,0
DA:146,0
DA:147,0
DA:155,0
DA:157,0
DA:158,0
DA:166,0
DA:168,0
DA:176,0
DA:184,0
DA:192,0
DA:199,0
DA:208,0
DA:209,0
LF:54
LH:0
BRDA:9,0,0,0
BRDA:9,0,1,0
BRDA:10,1,0,0
BRDA:10,1,1,0
BRDA:14,2,0,0
BRDA:14,2,1,0
BRDA:19,3,0,0
BRDA:19,3,1,0
BRDA:19,4,0,0
BRDA:19,4,1,0
BRDA:21,5,0,0
BRDA:21,5,1,0
BRDA:24,6,0,0
BRDA:24,6,1,0
BRDA:25,7,0,0
BRDA:25,7,1,0
BRDA:26,8,0,0
BRDA:26,8,1,0
BRDA:26,9,0,0
BRDA:26,9,1,0
BRDA:30,10,0,0
BRDA:30,10,1,0
BRDA:31,11,0,0
BRDA:31,11,1,0
BRDA:32,12,0,0
BRDA:32,12,1,0
BRDA:32,13,0,0
BRDA:32,13,1,0
BRDA:46,14,0,0
BRDA:46,14,1,0
BRDA:47,15,0,0
BRDA:47,15,1,0
BRDA:48,16,0,0
BRDA:48,16,1,0
BRDA:62,17,0,0
BRDA:62,17,1,0
BRDA:63,18,0,0
BRDA:63,18,1,0
BRDA:81,19,0,0
BRDA:81,19,1,0
BRDA:81,19,2,0
BRDA:81,19,3,0
BRDA:81,19,4,0
BRDA:81,19,5,0
BRDA:81,19,6,0
BRDA:81,19,7,0
BRDA:81,19,8,0
BRDA:81,19,9,0
BRDA:92,20,0,0
BRDA:92,20,1,0
BRDA:92,21,0,0
BRDA:92,21,1,0
BRDA:93,22,0,0
BRDA:93,22,1,0
BRDA:94,23,0,0
BRDA:94,23,1,0
BRDA:94,24,0,0
BRDA:94,24,1,0
BRDA:94,24,2,0
BRDA:98,25,0,0
BRDA:98,25,1,0
BRDA:98,25,2,0
BRDA:98,25,3,0
BRDA:98,25,4,0
BRDA:98,25,5,0
BRDA:98,25,6,0
BRDA:98,25,7,0
BRDA:98,25,8,0
BRDA:98,25,9,0
BRDA:101,26,0,0
BRDA:101,26,1,0
BRDA:101,27,0,0
BRDA:101,27,1,0
BRDA:101,27,2,0
BRDA:101,27,3,0
BRDA:111,28,0,0
BRDA:111,28,1,0
BRDA:122,29,0,0
BRDA:122,29,1,0
BRDA:122,30,0,0
BRDA:122,30,1,0
BRDA:122,30,2,0
BRDA:122,30,3,0
BRDA:146,31,0,0
BRDA:146,31,1,0
BRDA:157,32,0,0
BRDA:157,32,1,0
BRDA:172,33,0,0
BRDA:172,33,1,0
BRDA:180,34,0,0
BRDA:180,34,1,0
BRDA:188,35,0,0
BRDA:188,35,1,0
BRDA:209,36,0,0
BRDA:209,36,1,0
BRF:95
BRH:0
end_of_record
TN:
SF:src/repositories.ts
FN:11,createMessageRepository
FN:16,(anonymous_1)
FN:45,(anonymous_2)
FN:48,(anonymous_3)
FN:53,(anonymous_4)
FN:62,getMessageRepository
FNF:6
FNH:0
FNDA:0,createMessageRepository
FNDA:0,(anonymous_1)
FNDA:0,(anonymous_2)
FNDA:0,(anonymous_3)
FNDA:0,(anonymous_4)
FNDA:0,getMessageRepository
DA:2,0
DA:3,0
DA:4,0
DA:5,0
DA:6,0
DA:12,0
DA:13,0
DA:18,0
DA:19,0
DA:20,0
DA:21,0
DA:22,0
DA:31,0
DA:32,0
DA:33,0
DA:34,0
DA:36,0
DA:37,0
DA:38,0
DA:40,0
DA:41,0
DA:43,0
DA:46,0
DA:49,0
DA:50,0
DA:51,0
DA:54,0
DA:61,0
DA:63,0
DA:64,0
DA:66,0
LF:31
LH:0
BRDA:19,0,0,0
BRDA:19,0,1,0
BRDA:31,1,0,0
BRDA:31,1,1,0
BRDA:33,2,0,0
BRDA:33,2,1,0
BRDA:36,3,0,0
BRDA:36,3,1,0
BRDA:40,4,0,0
BRDA:40,4,1,0
BRDA:46,5,0,0
BRDA:46,5,1,0
BRDA:50,6,0,0
BRDA:50,6,1,0
BRDA:63,7,0,0
BRDA:63,7,1,0
BRF:16
BRH:0
end_of_record
TN:
SF:src/request-utils.ts
FN:9,(anonymous_0)
FN:13,handleUrlVerification
FN:19,parseRequestBody
FN:25,extractSignatureHeaders
FN:34,createSuccessResponse
FNF:5
FNH:0
FNDA:0,(anonymous_0)
FNDA:0,handleUrlVerification
FNDA:0,parseRequestBody
FNDA:0,extractSignatureHeaders
FNDA:0,createSuccessResponse
DA:2,0
DA:3,0
DA:4,0
DA:5,0
DA:6,0
DA:7,0
DA:8,0
DA:9,0
DA:14,0
DA:20,0
DA:26,0
DA:27,0
DA:28,0
DA:29,0
DA:30,0
DA:32,0
DA:35,0
LF:17
LH:0
BRDA:26,0,0,0
BRDA:26,0,1,0
BRDA:27,1,0,0
BRDA:27,1,1,0
BRDA:28,2,0,0
BRDA:28,2,1,0
BRDA:29,3,0,0
BRDA:29,3,1,0
BRDA:29,4,0,0
BRDA:29,4,1,0
BRF:10
BRH:0
end_of_record
TN:
SF:src/handlers/channel-handlers.ts
FN:18,updateChannelItem
FN:28,handleChannelCreated
FN:49,handleChannelRename
FN:91,handleChannelDeleted
FN:98,handleChannelArchive
FN:105,handleChannelUnarchive
FN:112,handleChannelIdChanged
FN:143,handleChannelPurposeOrTopic
FN:153,handleChannelVisibilityChange
FNF:9
FNH:0
FNDA:0,updateChannelItem
FNDA:0,handleChannelCreated
FNDA:0,handleChannelRename
FNDA:0,handleChannelDeleted
FNDA:0,handleChannelArchive
FNDA:0,handleChannelUnarchive
FNDA:0,handleChannelIdChanged
FNDA:0,handleChannelPurposeOrTopic
FNDA:0,handleChannelVisibilityChange
DA:2,0
DA:3,0
DA:4,0
DA:5,0
DA:6,0
DA:7,0
DA:8,0
DA:9,0
DA:10,0
DA:11,0
DA:12,0
DA:13,0
DA:14,0
DA:19,0
DA:20,0
DA:21,0
DA:22,0
DA:23,0
DA:29,0
DA:30,0
DA:31,0
DA:32,0
DA:33,0
DA:44,0
DA:50,0
DA:51,0
DA:52,0
DA:53,0
DA:54,0
DA:57,0
DA:73,0
DA:74,0
DA:76,0
DA:79,0
DA:80,0
DA:86,0
DA:92,0
DA:93,0
DA:99,0
DA:100,0
DA:106,0
DA:107,0
DA:114,0
DA:115,0
DA:117,0
DA:118,0
DA:119,0
DA:131,0
DA:132,0
DA:134,0
DA:135,0
DA:137,0
DA:138,0
DA:144,0
DA:147,0
DA:148,0
DA:154,0
DA:155,0
LF:58
LH:0
BRDA:20,0,0,0
BRDA:20,0,1,0
BRDA:22,1,0,0
BRDA:22,1,1,0
BRDA:31,2,0,0
BRDA:31,2,1,0
BRDA:41,3,0,0
BRDA:41,3,1,0
BRDA:54,4,0,0
BRDA:54,4,1,0
BRDA:59,5,0,0
BRDA:59,5,1,0
BRDA:73,6,0,0
BRDA:73,6,1,0
BRDA:73,7,0,0
BRDA:73,7,1,0
BRDA:76,8,0,0
BRDA:76,8,1,0
BRDA:118,9,0,0
BRDA:118,9,1,0
BRDA:125,10,0,0
BRDA:125,10,1,0
BRDA:126,11,0,0
BRDA:126,11,1,0
BRDA:127,12,0,0
BRDA:127,12,1,0
BRDA:131,13,0,0
BRDA:131,13,1,0
BRDA:134,14,0,0
BRDA:134,14,1,0
BRDA:144,15,0,0
BRDA:144,15,1,0
BRDA:145,16,0,0
BRDA:145,16,1,0
BRDA:145,17,0,0
BRDA:145,17,1,0
BRDA:146,18,0,0
BRDA:146,18,1,0
BRDA:146,19,0,0
BRDA:146,19,1,0
BRF:40
BRH:0
end_of_record
TN:
SF:src/handlers/message-handlers.ts
FN:16,buildMessageItem
FN:47,handleMessage
FN:62,handleMessageChanged
FN:109,handleMessageDeleted
FNF:4
FNH:0
FNDA:0,buildMessageItem
FNDA:0,handleMessage
FNDA:0,handleMessageChanged
FNDA:0,handleMessageDeleted
DA:2,0
DA:3,0
DA:4,0
DA:5,0
DA:6,0
DA:7,0
DA:8,0
DA:9,0
DA:10,0
DA:11,0
DA:12,0
DA:17,0
DA:18,0
DA:19,0
DA:28,0
DA:29,0
DA:30,0
DA:31,0
DA:33,0
DA:34,0
DA:35,0
DA:37,0
DA:38,0
DA:40,0
DA:48,0
DA:49,0
DA:52,0
DA:53,0
DA:54,0
DA:63,0
DA:64,0
DA:65,0
DA:67,0
DA:68,0
DA:71,0
DA:74,0
DA:75,0
DA:80,0
DA:81,0
DA:82,0
DA:84,0
DA:85,0
DA:91,0
DA:92,0
DA:95,0
DA:96,0
DA:97,0
DA:98,0
DA:102,0
DA:110,0
DA:111,0
DA:112,0
LF:52
LH:0
BRDA:28,0,0,0
BRDA:28,0,1,0
BRDA:30,1,0,0
BRDA:30,1,1,0
BRDA:33,2,0,0
BRDA:33,2,1,0
BRDA:37,3,0,0
BRDA:37,3,1,0
BRDA:48,4,0,0
BRDA:48,4,1,0
BRDA:48,5,0,0
BRDA:48,5,1,0
BRDA:64,6,0,0
BRDA:64,6,1,0
BRDA:71,7,0,0
BRDA:71,7,1,0
BRDA:71,7,2,0
BRDA:74,8,0,0
BRDA:74,8,1,0
BRDA:76,9,0,0
BRDA:76,9,1,0
BRDA:80,10,0,0
BRDA:80,10,1,0
BRDA:92,11,0,0
BRDA:92,11,1,0
BRDA:92,12,0,0
BRDA:92,12,1,0
BRF:27
BRH:0
end_of_record
